<?xml version="1.0" encoding="UTF-8"?>
<!-- Generated by org.testng.reporters.JUnitXMLReporter -->
<testsuite ignored="0" hostname="DESKTOP-RSFGGM3" failures="0" tests="7" name="Test" time="59.883" errors="0" timestamp="2022-11-10T18:43:18 IST">
  <testcase classname="com.mohs10.scripts.HomeTest" name="LoginPageTestCase" time="11.226"/>
  <testcase classname="com.mohs10.scripts.HomeTest" name="CategoriesTest" time="8.759"/>
  <testcase classname="com.mohs10.scripts.HomeTest" name="CategoriesTet" time="8.958"/>
  <testcase classname="com.mohs10.scripts.HomeTest" name="CategoriesTe" time="8.11"/>
  <testcase classname="com.mohs10.scripts.HomeTest" name="BillingNewaddclickmethod" time="4.142"/>
  <testcase classname="com.mohs10.scripts.HomeTest" name="Billingaddclickmethod" time="5.626"/>
  <testcase classname="com.mohs10.getData.getdata" name="testResponsecode" time="3.584"/>
</testsuite> <!-- Test -->
