<?xml version="1.0" encoding="UTF-8"?>
<!-- Generated by org.testng.reporters.JUnitXMLReporter -->
<testsuite ignored="0" hostname="DESKTOP-RSFGGM3" failures="0" tests="7" name="Test" time="60.271" errors="0" timestamp="2022-11-09T22:31:00 IST">
  <testcase classname="com.mohs10.scripts.HomeTest" name="LoginPageTestCase" time="12.708"/>
  <testcase classname="com.mohs10.scripts.HomeTest" name="CategoriesTest" time="9.021"/>
  <testcase classname="com.mohs10.scripts.HomeTest" name="CategoriesTet" time="9.171"/>
  <testcase classname="com.mohs10.scripts.HomeTest" name="CategoriesTe" time="10.374"/>
  <testcase classname="com.mohs10.scripts.HomeTest" name="BillingNewaddclickmethod" time="4.145"/>
  <testcase classname="com.mohs10.scripts.HomeTest" name="Billingaddclickmethod" time="5.696"/>
  <testcase classname="com.mohs10.getData.getdata" name="testResponsecode" time="3.163"/>
</testsuite> <!-- Test -->
