<?xml version="1.0" encoding="UTF-8"?>
<testng-results ignored="0" total="7" passed="7" failed="0" skipped="0">
  <reporter-output>
  </reporter-output>
  <suite started-at="2022-11-09T22:29:59 IST" name="Suite" finished-at="2022-11-09T22:31:00 IST" duration-ms="60271">
    <groups>
    </groups>
    <test started-at="2022-11-09T22:29:59 IST" name="Test" finished-at="2022-11-09T22:31:00 IST" duration-ms="60271">
      <class name="com.mohs10.getData.getdata">
        <test-method signature="testResponsecode()[pri:0, instance:com.mohs10.getData.getdata@437da279]" started-at="2022-11-09T22:30:56 IST" name="testResponsecode" finished-at="2022-11-09T22:30:59 IST" duration-ms="3163" status="PASS">
          <reporter-output>
          </reporter-output>
        </test-method> <!-- testResponsecode -->
      </class> <!-- com.mohs10.getData.getdata -->
      <class name="com.mohs10.scripts.HomeTest">
        <test-method is-config="true" signature="generateReport()[pri:0, instance:com.mohs10.scripts.HomeTest@957e06]" started-at="2022-11-09T22:29:59 IST" name="generateReport" finished-at="2022-11-09T22:30:00 IST" duration-ms="450" status="PASS">
          <reporter-output>
          </reporter-output>
        </test-method> <!-- generateReport -->
        <test-method is-config="true" signature="beforeClass()[pri:0, instance:com.mohs10.scripts.HomeTest@957e06]" started-at="2022-11-09T22:30:00 IST" name="beforeClass" finished-at="2022-11-09T22:30:04 IST" duration-ms="4493" status="PASS">
          <reporter-output>
          </reporter-output>
        </test-method> <!-- beforeClass -->
        <test-method is-config="true" signature="methodName(java.lang.reflect.Method)[pri:0, instance:com.mohs10.scripts.HomeTest@957e06]" started-at="2022-11-09T22:30:04 IST" name="methodName" finished-at="2022-11-09T22:30:04 IST" duration-ms="11" status="PASS">
          <params>
            <param index="0">
              <value>
                <![CDATA[public void com.mohs10.scripts.HomeTest.LoginPageTestCase() throws java.lang.Exception]]>
              </value>
            </param>
          </params>
          <reporter-output>
          </reporter-output>
        </test-method> <!-- methodName -->
        <test-method signature="LoginPageTestCase()[pri:1, instance:com.mohs10.scripts.HomeTest@957e06]" started-at="2022-11-09T22:30:04 IST" name="LoginPageTestCase" finished-at="2022-11-09T22:30:17 IST" duration-ms="12708" status="PASS">
          <reporter-output>
          </reporter-output>
        </test-method> <!-- LoginPageTestCase -->
        <test-method is-config="true" signature="methodName(java.lang.reflect.Method)[pri:0, instance:com.mohs10.scripts.HomeTest@957e06]" started-at="2022-11-09T22:30:17 IST" name="methodName" finished-at="2022-11-09T22:30:17 IST" duration-ms="2" status="PASS">
          <params>
            <param index="0">
              <value>
                <![CDATA[public void com.mohs10.scripts.HomeTest.CategoriesTest() throws java.lang.Exception]]>
              </value>
            </param>
          </params>
          <reporter-output>
          </reporter-output>
        </test-method> <!-- methodName -->
        <test-method signature="CategoriesTest()[pri:2, instance:com.mohs10.scripts.HomeTest@957e06]" started-at="2022-11-09T22:30:17 IST" name="CategoriesTest" finished-at="2022-11-09T22:30:26 IST" duration-ms="9021" status="PASS">
          <reporter-output>
          </reporter-output>
        </test-method> <!-- CategoriesTest -->
        <test-method is-config="true" signature="methodName(java.lang.reflect.Method)[pri:0, instance:com.mohs10.scripts.HomeTest@957e06]" started-at="2022-11-09T22:30:26 IST" name="methodName" finished-at="2022-11-09T22:30:26 IST" duration-ms="0" status="PASS">
          <params>
            <param index="0">
              <value>
                <![CDATA[public void com.mohs10.scripts.HomeTest.CategoriesTet() throws java.lang.Exception]]>
              </value>
            </param>
          </params>
          <reporter-output>
          </reporter-output>
        </test-method> <!-- methodName -->
        <test-method signature="CategoriesTet()[pri:3, instance:com.mohs10.scripts.HomeTest@957e06]" started-at="2022-11-09T22:30:26 IST" name="CategoriesTet" finished-at="2022-11-09T22:30:35 IST" duration-ms="9171" status="PASS">
          <reporter-output>
          </reporter-output>
        </test-method> <!-- CategoriesTet -->
        <test-method is-config="true" signature="methodName(java.lang.reflect.Method)[pri:0, instance:com.mohs10.scripts.HomeTest@957e06]" started-at="2022-11-09T22:30:35 IST" name="methodName" finished-at="2022-11-09T22:30:35 IST" duration-ms="1" status="PASS">
          <params>
            <param index="0">
              <value>
                <![CDATA[public void com.mohs10.scripts.HomeTest.CategoriesTe() throws java.lang.Exception]]>
              </value>
            </param>
          </params>
          <reporter-output>
          </reporter-output>
        </test-method> <!-- methodName -->
        <test-method signature="CategoriesTe()[pri:4, instance:com.mohs10.scripts.HomeTest@957e06]" started-at="2022-11-09T22:30:35 IST" name="CategoriesTe" finished-at="2022-11-09T22:30:46 IST" duration-ms="10374" status="PASS">
          <reporter-output>
          </reporter-output>
        </test-method> <!-- CategoriesTe -->
        <test-method signature="BillingNewaddclickmethod()[pri:5, instance:com.mohs10.scripts.HomeTest@957e06]" started-at="2022-11-09T22:30:46 IST" name="BillingNewaddclickmethod" finished-at="2022-11-09T22:30:50 IST" duration-ms="4145" status="PASS">
          <reporter-output>
          </reporter-output>
        </test-method> <!-- BillingNewaddclickmethod -->
        <test-method is-config="true" signature="methodName(java.lang.reflect.Method)[pri:0, instance:com.mohs10.scripts.HomeTest@957e06]" started-at="2022-11-09T22:30:46 IST" name="methodName" finished-at="2022-11-09T22:30:46 IST" duration-ms="0" status="PASS">
          <params>
            <param index="0">
              <value>
                <![CDATA[public void com.mohs10.scripts.HomeTest.BillingNewaddclickmethod() throws java.lang.Exception]]>
              </value>
            </param>
          </params>
          <reporter-output>
          </reporter-output>
        </test-method> <!-- methodName -->
        <test-method is-config="true" signature="methodName(java.lang.reflect.Method)[pri:0, instance:com.mohs10.scripts.HomeTest@957e06]" started-at="2022-11-09T22:30:50 IST" name="methodName" finished-at="2022-11-09T22:30:50 IST" duration-ms="1" status="PASS">
          <params>
            <param index="0">
              <value>
                <![CDATA[public void com.mohs10.scripts.HomeTest.Billingaddclickmethod() throws java.lang.Exception]]>
              </value>
            </param>
          </params>
          <reporter-output>
          </reporter-output>
        </test-method> <!-- methodName -->
        <test-method signature="Billingaddclickmethod()[pri:7, instance:com.mohs10.scripts.HomeTest@957e06]" started-at="2022-11-09T22:30:50 IST" name="Billingaddclickmethod" finished-at="2022-11-09T22:30:55 IST" duration-ms="5696" status="PASS">
          <reporter-output>
          </reporter-output>
        </test-method> <!-- Billingaddclickmethod -->
        <test-method is-config="true" signature="afterClass()[pri:0, instance:com.mohs10.scripts.HomeTest@957e06]" started-at="2022-11-09T22:30:55 IST" name="afterClass" finished-at="2022-11-09T22:30:56 IST" duration-ms="956" status="PASS">
          <reporter-output>
          </reporter-output>
        </test-method> <!-- afterClass -->
      </class> <!-- com.mohs10.scripts.HomeTest -->
    </test> <!-- Test -->
  </suite> <!-- Suite -->
</testng-results>
