<?xml version="1.0" encoding="UTF-8"?>
<testng-results ignored="0" total="7" passed="7" failed="0" skipped="0">
  <reporter-output>
  </reporter-output>
  <suite started-at="2022-11-10T18:42:18 IST" name="Suite" finished-at="2022-11-10T18:43:18 IST" duration-ms="59883">
    <groups>
    </groups>
    <test started-at="2022-11-10T18:42:18 IST" name="Test" finished-at="2022-11-10T18:43:18 IST" duration-ms="59883">
      <class name="com.mohs10.getData.getdata">
        <test-method signature="testResponsecode()[pri:0, instance:com.mohs10.getData.getdata@437da279]" started-at="2022-11-10T18:43:14 IST" name="testResponsecode" finished-at="2022-11-10T18:43:18 IST" duration-ms="3584" status="PASS">
          <reporter-output>
          </reporter-output>
        </test-method> <!-- testResponsecode -->
      </class> <!-- com.mohs10.getData.getdata -->
      <class name="com.mohs10.scripts.HomeTest">
        <test-method is-config="true" signature="generateReport()[pri:0, instance:com.mohs10.scripts.HomeTest@957e06]" started-at="2022-11-10T18:42:18 IST" name="generateReport" finished-at="2022-11-10T18:42:19 IST" duration-ms="894" status="PASS">
          <reporter-output>
          </reporter-output>
        </test-method> <!-- generateReport -->
        <test-method is-config="true" signature="beforeClass()[pri:0, instance:com.mohs10.scripts.HomeTest@957e06]" started-at="2022-11-10T18:42:19 IST" name="beforeClass" finished-at="2022-11-10T18:42:26 IST" duration-ms="7163" status="PASS">
          <reporter-output>
          </reporter-output>
        </test-method> <!-- beforeClass -->
        <test-method is-config="true" signature="methodName(java.lang.reflect.Method)[pri:0, instance:com.mohs10.scripts.HomeTest@957e06]" started-at="2022-11-10T18:42:26 IST" name="methodName" finished-at="2022-11-10T18:42:26 IST" duration-ms="19" status="PASS">
          <params>
            <param index="0">
              <value>
                <![CDATA[public void com.mohs10.scripts.HomeTest.LoginPageTestCase() throws java.lang.Exception]]>
              </value>
            </param>
          </params>
          <reporter-output>
          </reporter-output>
        </test-method> <!-- methodName -->
        <test-method signature="LoginPageTestCase()[pri:1, instance:com.mohs10.scripts.HomeTest@957e06]" started-at="2022-11-10T18:42:26 IST" name="LoginPageTestCase" finished-at="2022-11-10T18:42:37 IST" duration-ms="11226" status="PASS">
          <reporter-output>
          </reporter-output>
        </test-method> <!-- LoginPageTestCase -->
        <test-method is-config="true" signature="methodName(java.lang.reflect.Method)[pri:0, instance:com.mohs10.scripts.HomeTest@957e06]" started-at="2022-11-10T18:42:37 IST" name="methodName" finished-at="2022-11-10T18:42:37 IST" duration-ms="0" status="PASS">
          <params>
            <param index="0">
              <value>
                <![CDATA[public void com.mohs10.scripts.HomeTest.CategoriesTest() throws java.lang.Exception]]>
              </value>
            </param>
          </params>
          <reporter-output>
          </reporter-output>
        </test-method> <!-- methodName -->
        <test-method signature="CategoriesTest()[pri:2, instance:com.mohs10.scripts.HomeTest@957e06]" started-at="2022-11-10T18:42:37 IST" name="CategoriesTest" finished-at="2022-11-10T18:42:46 IST" duration-ms="8759" status="PASS">
          <reporter-output>
          </reporter-output>
        </test-method> <!-- CategoriesTest -->
        <test-method signature="CategoriesTet()[pri:3, instance:com.mohs10.scripts.HomeTest@957e06]" started-at="2022-11-10T18:42:46 IST" name="CategoriesTet" finished-at="2022-11-10T18:42:55 IST" duration-ms="8958" status="PASS">
          <reporter-output>
          </reporter-output>
        </test-method> <!-- CategoriesTet -->
        <test-method is-config="true" signature="methodName(java.lang.reflect.Method)[pri:0, instance:com.mohs10.scripts.HomeTest@957e06]" started-at="2022-11-10T18:42:46 IST" name="methodName" finished-at="2022-11-10T18:42:46 IST" duration-ms="0" status="PASS">
          <params>
            <param index="0">
              <value>
                <![CDATA[public void com.mohs10.scripts.HomeTest.CategoriesTet() throws java.lang.Exception]]>
              </value>
            </param>
          </params>
          <reporter-output>
          </reporter-output>
        </test-method> <!-- methodName -->
        <test-method is-config="true" signature="methodName(java.lang.reflect.Method)[pri:0, instance:com.mohs10.scripts.HomeTest@957e06]" started-at="2022-11-10T18:42:55 IST" name="methodName" finished-at="2022-11-10T18:42:55 IST" duration-ms="0" status="PASS">
          <params>
            <param index="0">
              <value>
                <![CDATA[public void com.mohs10.scripts.HomeTest.CategoriesTe() throws java.lang.Exception]]>
              </value>
            </param>
          </params>
          <reporter-output>
          </reporter-output>
        </test-method> <!-- methodName -->
        <test-method signature="CategoriesTe()[pri:4, instance:com.mohs10.scripts.HomeTest@957e06]" started-at="2022-11-10T18:42:55 IST" name="CategoriesTe" finished-at="2022-11-10T18:43:03 IST" duration-ms="8110" status="PASS">
          <reporter-output>
          </reporter-output>
        </test-method> <!-- CategoriesTe -->
        <test-method signature="BillingNewaddclickmethod()[pri:5, instance:com.mohs10.scripts.HomeTest@957e06]" started-at="2022-11-10T18:43:03 IST" name="BillingNewaddclickmethod" finished-at="2022-11-10T18:43:07 IST" duration-ms="4142" status="PASS">
          <reporter-output>
          </reporter-output>
        </test-method> <!-- BillingNewaddclickmethod -->
        <test-method is-config="true" signature="methodName(java.lang.reflect.Method)[pri:0, instance:com.mohs10.scripts.HomeTest@957e06]" started-at="2022-11-10T18:43:03 IST" name="methodName" finished-at="2022-11-10T18:43:03 IST" duration-ms="0" status="PASS">
          <params>
            <param index="0">
              <value>
                <![CDATA[public void com.mohs10.scripts.HomeTest.BillingNewaddclickmethod() throws java.lang.Exception]]>
              </value>
            </param>
          </params>
          <reporter-output>
          </reporter-output>
        </test-method> <!-- methodName -->
        <test-method is-config="true" signature="methodName(java.lang.reflect.Method)[pri:0, instance:com.mohs10.scripts.HomeTest@957e06]" started-at="2022-11-10T18:43:07 IST" name="methodName" finished-at="2022-11-10T18:43:07 IST" duration-ms="1" status="PASS">
          <params>
            <param index="0">
              <value>
                <![CDATA[public void com.mohs10.scripts.HomeTest.Billingaddclickmethod() throws java.lang.Exception]]>
              </value>
            </param>
          </params>
          <reporter-output>
          </reporter-output>
        </test-method> <!-- methodName -->
        <test-method signature="Billingaddclickmethod()[pri:7, instance:com.mohs10.scripts.HomeTest@957e06]" started-at="2022-11-10T18:43:07 IST" name="Billingaddclickmethod" finished-at="2022-11-10T18:43:13 IST" duration-ms="5626" status="PASS">
          <reporter-output>
          </reporter-output>
        </test-method> <!-- Billingaddclickmethod -->
        <test-method is-config="true" signature="afterClass()[pri:0, instance:com.mohs10.scripts.HomeTest@957e06]" started-at="2022-11-10T18:43:13 IST" name="afterClass" finished-at="2022-11-10T18:43:14 IST" duration-ms="1302" status="PASS">
          <reporter-output>
          </reporter-output>
        </test-method> <!-- afterClass -->
      </class> <!-- com.mohs10.scripts.HomeTest -->
    </test> <!-- Test -->
  </suite> <!-- Suite -->
</testng-results>
